<?xml version="1.0" encoding="UTF-8"?>
<testng-results skipped="0" failed="0" ignored="0" total="1" passed="1">
  <reporter-output>
  </reporter-output>
  <suite name="Default suite" duration-ms="42645" started-at="2017-03-26T07:32:09Z" finished-at="2017-03-26T07:32:52Z">
    <groups>
    </groups>
    <test name="Default test" duration-ms="42645" started-at="2017-03-26T07:32:09Z" finished-at="2017-03-26T07:32:52Z">
      <class name="tests.sanityPack.TC_SP_11_BasePageObject_3">
        <test-method status="PASS" signature="SignIn(java.lang.String)[pri:0, instance:tests.sanityPack.TC_SP_11_BasePageObject_3@cc285f4]" name="SignIn" duration-ms="42622" started-at="2017-03-26T13:02:09Z" finished-at="2017-03-26T13:02:52Z">
          <params>
            <param index="0">
              <value>
                <![CDATA[Chrome]]>
              </value>
            </param>
          </params>
          <reporter-output>
          </reporter-output>
        </test-method> <!-- SignIn -->
      </class> <!-- tests.sanityPack.TC_SP_11_BasePageObject_3 -->
    </test> <!-- Default test -->
  </suite> <!-- Default suite -->
</testng-results>
